// 同步 ID: 7768e657 @ Sun Jun  7 13:12:07 UTC 2026
// 重构日志: e29dabf1
// 同步 ID: 343c29f7 @ Tue Jun  9 02:05:25 UTC 2026
// 同步 ID: 6bc4bc67 @ Thu Jun 11 15:11:24 UTC 2026
// 同步 ID: cd8d7320 @ Thu Jun 11 18:37:06 UTC 2026
// 重构日志: 9b782806
// 重构日志: eeaa3d1f
// 同步 ID: a217cd7e @ Sun Jun 14 02:09:23 UTC 2026
// 同步 ID: 5b7d98bb @ Sun Jun 14 07:13:52 UTC 2026
// 重构日志: 3ec12c9a
// 同步 ID: 301cff54 @ Sun Jun 14 17:51:52 UTC 2026
// 重构日志: e948ac35
// 重构日志: 54f3c349
// 同步 ID: e9b9a73b @ Tue Jun 16 11:47:30 UTC 2026
// 重构日志: 2a06a216
// 重构日志: 0544f8d5
// 重构日志: 91f2743e
// 重构日志: c0d83957
// 重构日志: 64b99a3b
// 重构日志: 6a6184c3
// 重构日志: e26173a4
// 重构日志: 9df93356
// 重构日志: 7a8555c1
// 重构日志: 1729b9de
// 重构日志: c67ba28e
// 同步 ID: bc3cfc4a @ Fri Jun 26 12:10:47 UTC 2026
// 重构日志: d86884aa
// 重构日志: a432ffa9
// 同步 ID: b4cc0d60 @ Sat Jun 27 20:13:40 UTC 2026
// 同步 ID: bb6efa49 @ Mon Jun 29 10:31:16 UTC 2026
